<?xml version="1.0" encoding="UTF-8"?>
<testsuite xmlns:xsi="http://www.w3.org/2001/XMLSchema-instance" xsi:noNamespaceSchemaLocation="https://maven.apache.org/surefire/maven-surefire-plugin/xsd/surefire-test-report-3.0.xsd" version="3.0" name="com.springai01chat.SpringAi01ChatApplicationTests" time="2.147" tests="1" errors="0" skipped="0" failures="0">
  <properties>
[...]
</properties>
  <testcase name="contextLoads" classname="com.springai01chat.SpringAi01ChatApplicationTests" time="0.534">
    <system-out><![CDATA[16:18:40.836 [main] INFO org.springframework.test.context.support.AnnotationConfigContextLoaderUtils -- Could not detect default configuration classes for test class [com.springai01chat.SpringAi01ChatApplicationTests]: SpringAi01ChatApplicationTests does not declare any static, non-private, non-final, nested classes annotated with @Configuration.
16:18:40.900 [main] INFO org.springframework.boot.test.context.SpringBootTestContextBootstrapper -- Found @SpringBootConfiguration com.springai01chat.SpringAi01ChatApplication for test class com.springai01chat.SpringAi01ChatApplicationTests
16:18:41.003 [main] INFO org.springframework.boot.devtools.restart.RestartApplicationListener -- Restart disabled due to context in which it is running

  .   ____          _            __ _ _
 /\\ / ___'_ __ _ _(_)_ __  __ _ \ \ \ \
( ( )\___ | '_ | '_| | '_ \/ _` | \ \ \ \
 \\/  ___)| |_)| | | | | || (_| |  ) ) ) )
  '  |____| .__|_| |_|_| |_\__, | / / / /
 =========|_|==============|___/=/_/_/_/
 :: Spring Boot ::                (v3.2.4)

2024-05-12T16:18:41.170+08:00  WARN 34180 --- [           main] ory$DuplicateJsonObjectContextCustomizer : 

Found multiple occurrences of org.json.JSONObject on the class path:

	jar:file:/D:/javaweb/apache-maven-3.9.6/mvn_repo/org/json/json/20231013/json-20231013.jar!/org/json/JSONObject.class
	jar:file:/D:/javaweb/apache-maven-3.9.6/mvn_repo/com/vaadin/external/google/android-json/0.0.20131108.vaadin1/android-json-0.0.20131108.vaadin1.jar!/org/json/JSONObject.class

You may wish to exclude one of them to ensure predictable runtime behavior

2024-05-12T16:18:41.181+08:00  INFO 34180 --- [           main] c.s.SpringAi01ChatApplicationTests       : Starting SpringAi01ChatApplicationTests using Java 21.0.2 with PID 34180 (started by 刘德宝 in D:\javaweb\springboot-guet\springAI\code\springAI-01-chat)
2024-05-12T16:18:41.182+08:00  INFO 34180 --- [           main] c.s.SpringAi01ChatApplicationTests       : No active profile set, falling back to 1 default profile: "default"
2024-05-12T16:18:42.319+08:00  INFO 34180 --- [           main] c.s.SpringAi01ChatApplicationTests       : Started SpringAi01ChatApplicationTests in 1.322 seconds (process running for 1.98)
]]></system-out>
    <system-err><![CDATA[WARNING: A Java agent has been loaded dynamically (D:\javaweb\apache-maven-3.9.6\mvn_repo\net\bytebuddy\byte-buddy-agent\1.14.12\byte-buddy-agent-1.14.12.jar)
WARNING: If a serviceability tool is in use, please run with -XX:+EnableDynamicAgentLoading to hide this warning
WARNING: If a serviceability tool is not in use, please run with -Djdk.instrument.traceUsage for more information
WARNING: Dynamic loading of agents will be disallowed by default in a future release
]]></system-err>
  </testcase>
</testsuite>